2026-02-17 16:11:29,116 - INFO - Loading selected features...
2026-02-17 16:11:34,412 - INFO - baseline accuracy: 0.8586
2026-02-17 16:15:42,259 - INFO - Best Trial Parameters: {'learning_rate': 0.14285701658635747, 'max_iter': 102, 'max_depth': 12, 'max_leaf_nodes': 33}
2026-02-17 16:15:42,259 - INFO - Best Trial Accuracy: 0.8606
2026-02-17 16:15:47,658 - INFO - Tuned Accuracy: 0.8606
2026-02-17 16:15:47,710 - INFO - tunning completed
2026-02-17 16:20:37,370 - INFO - Loading selected features...
2026-02-17 16:20:42,713 - INFO - baseline accuracy: 0.8586
2026-02-17 16:26:07,294 - INFO - Loading selected features...
2026-02-17 16:26:12,397 - INFO - baseline accuracy: 0.8586
2026-02-17 16:34:28,704 - INFO - Best Trial Parameters: {'learning_rate': 0.013817386563228406, 'max_iter': 325, 'max_depth': 13, 'max_leaf_nodes': 125, 'min_samples_leaf': 32, 'max_bins': 178, 'l2_regularization': 0.2345266420536991}
2026-02-17 16:34:28,704 - INFO - Best Trial Accuracy: 0.8613
2026-02-17 16:35:04,800 - INFO - Tuned Accuracy: 0.8613
2026-02-17 16:35:05,028 - INFO - tunning completed
2026-02-18 17:07:18,486 - INFO - Loading selected features...
2026-02-18 17:07:23,476 - INFO - baseline accuracy: 0.8581
2026-02-18 17:16:11,852 - INFO - Best Trial Parameters: {'learning_rate': 0.023272176633568023, 'max_iter': 220, 'max_depth': 15, 'max_leaf_nodes': 93, 'min_samples_leaf': 42, 'max_bins': 135, 'l2_regularization': 0.09368396652655807}
2026-02-18 17:16:11,853 - INFO - Best Trial Accuracy: 0.8612
2026-02-18 17:16:31,777 - INFO - Tuned Accuracy: 0.8612
2026-02-18 17:16:31,941 - INFO - tunning completed
2026-02-18 17:32:06,452 - INFO - Loading selected features...
2026-02-18 17:32:14,726 - INFO - baseline accuracy: 0.8581
2026-02-18 17:38:46,396 - INFO - Best Trial Parameters: {'learning_rate': 0.015007040437065966, 'max_iter': 432, 'max_depth': 12, 'max_leaf_nodes': 81, 'min_samples_leaf': 20, 'max_bins': 154, 'l2_regularization': 0.2333457582377491}
2026-02-18 17:38:46,396 - INFO - Best Trial Accuracy: 0.8598
2026-02-18 17:39:03,000 - INFO - Tuned Accuracy: 0.8598
2026-02-18 17:39:03,155 - INFO - tunning completed
2026-02-18 18:32:52,518 - INFO - Loading selected features...
2026-02-18 18:32:55,406 - INFO - baseline accuracy: 0.8581
2026-02-18 18:38:34,030 - INFO - Best Trial Parameters: {'learning_rate': 0.09312823219697344, 'max_iter': 223, 'max_depth': 20, 'max_leaf_nodes': 72, 'min_samples_leaf': 79, 'max_bins': 151, 'l2_regularization': 0.691015742774616}
2026-02-18 18:38:34,031 - INFO - Best Trial Accuracy: 0.8600
2026-02-18 18:38:42,577 - INFO - Tuned Accuracy: 0.8600
2026-02-18 18:38:42,698 - INFO - tunning completed
2026-02-18 19:42:34,023 - INFO - Loading selected features...
2026-02-18 19:44:50,944 - INFO - Loading selected features...
2026-02-18 19:44:56,530 - INFO - Baseline accuracy: 0.8581
2026-02-18 19:53:37,358 - INFO - Best Trial Accuracy: 0.8613
2026-02-18 19:54:05,862 - INFO - Tuning completed successfully.
